0 info it worked if it ends with ok
1 verbose cli [ 'node', '/usr/local/bin/npm', 'install', '-g', 'typescript' ]
2 info using npm@1.3.24
3 info using node@v0.10.25
4 verbose cache add [ 'typescript', null ]
5 verbose cache add name=undefined spec="typescript" args=["typescript",null]
6 verbose parsed url { protocol: null,
6 verbose parsed url   slashes: null,
6 verbose parsed url   auth: null,
6 verbose parsed url   host: null,
6 verbose parsed url   port: null,
6 verbose parsed url   hostname: null,
6 verbose parsed url   hash: null,
6 verbose parsed url   search: null,
6 verbose parsed url   query: null,
6 verbose parsed url   pathname: 'typescript',
6 verbose parsed url   path: 'typescript',
6 verbose parsed url   href: 'typescript' }
7 silly lockFile fb9da861-typescript typescript
8 verbose lock typescript /Users/staceydao/.npm/fb9da861-typescript.lock
9 silly lockFile fb9da861-typescript typescript
10 silly lockFile fb9da861-typescript typescript
11 verbose addNamed [ 'typescript', '' ]
12 verbose addNamed [ null, '*' ]
13 silly lockFile b598c0ef-typescript typescript@
14 verbose lock typescript@ /Users/staceydao/.npm/b598c0ef-typescript.lock
15 silly addNameRange { name: 'typescript', range: '*', hasData: false }
16 verbose url raw typescript
17 verbose url resolving [ 'https://registry.npmjs.org/', './typescript' ]
18 verbose url resolved https://registry.npmjs.org/typescript
19 info trying registry request attempt 1 at 22:18:19
20 verbose etag "BC6NF4K58JYJ37ESNF1DCY2E4"
21 http GET https://registry.npmjs.org/typescript
22 http 304 https://registry.npmjs.org/typescript
23 silly registry.get cb [ 304,
23 silly registry.get   { date: 'Sat, 26 Apr 2014 05:18:19 GMT',
23 silly registry.get     server: 'Apache',
23 silly registry.get     via: '1.1 varnish',
23 silly registry.get     'last-modified': 'Sat, 26 Apr 2014 05:18:20 GMT',
23 silly registry.get     'cache-control': 'max-age=1',
23 silly registry.get     etag: '"BC6NF4K58JYJ37ESNF1DCY2E4"',
23 silly registry.get     'x-served-by': 'cache-lax1424-LAX',
23 silly registry.get     'x-cache': 'MISS',
23 silly registry.get     'x-cache-hits': '0',
23 silly registry.get     'x-timer': 'S1398489499.866570711,VS0,VE161',
23 silly registry.get     vary: 'Accept',
23 silly registry.get     'content-length': '0',
23 silly registry.get     'keep-alive': 'timeout=10, max=50',
23 silly registry.get     connection: 'Keep-Alive' } ]
24 verbose etag typescript from cache
25 silly addNameRange number 2 { name: 'typescript', range: '*', hasData: true }
26 silly addNameRange versions [ 'typescript',
26 silly addNameRange   [ '0.8.0',
26 silly addNameRange     '0.8.1',
26 silly addNameRange     '0.8.1-1',
26 silly addNameRange     '0.8.2',
26 silly addNameRange     '0.8.3',
26 silly addNameRange     '0.9.0',
26 silly addNameRange     '0.9.0-1',
26 silly addNameRange     '0.9.1',
26 silly addNameRange     '0.9.1-1',
26 silly addNameRange     '0.9.5',
26 silly addNameRange     '0.9.7',
26 silly addNameRange     '1.0.0' ] ]
27 verbose addNamed [ 'typescript', '1.0.0' ]
28 verbose addNamed [ '1.0.0', '1.0.0' ]
29 silly lockFile af9d6ca4-typescript-1-0-0 typescript@1.0.0
30 verbose lock typescript@1.0.0 /Users/staceydao/.npm/af9d6ca4-typescript-1-0-0.lock
31 silly lockFile af9d6ca4-typescript-1-0-0 typescript@1.0.0
32 silly lockFile af9d6ca4-typescript-1-0-0 typescript@1.0.0
33 silly lockFile b598c0ef-typescript typescript@
34 silly lockFile b598c0ef-typescript typescript@
35 silly resolved [ { name: 'typescript',
35 silly resolved     author: { name: 'Microsoft Corp.' },
35 silly resolved     homepage: 'http://typescriptlang.org/',
35 silly resolved     version: '1.0.0',
35 silly resolved     licenses: [ [Object] ],
35 silly resolved     description: 'TypeScript is a language for application scale JavaScript development',
35 silly resolved     keywords: [ 'TypeScript', 'Microsoft', 'compiler', 'language', 'javascript' ],
35 silly resolved     bugs: { url: 'http://typescript.codeplex.com/workitem/list/basic' },
35 silly resolved     repository: { type: 'git', url: 'https://git01.codeplex.com/typescript' },
35 silly resolved     preferGlobal: true,
35 silly resolved     main: './bin/typescript.js',
35 silly resolved     bin: { tsc: './bin/tsc' },
35 silly resolved     engines: { node: '>=0.8.0' },
35 silly resolved     devDependencies: { jake: 'latest' },
35 silly resolved     readme: '# TypeScript\r\n\r\nScalable JavaScript development with types, classes and modules.\r\n\r\n## Install\r\n\r\n  npm install -g typescript\r\n\r\n## Usage\r\n\r\n  tsc hello.ts\r\n  \r\n\r\n## Build\r\n\r\n1.  Install Node if you haven\'t already (http://nodejs.org/)\r\n2.  Install Jake, the tool we use to build our compiler (https://github.com/mde/jake). To do this, run "npm install -g jake".\r\n3.  To use jake, run one of the following commands: \r\n    - jake local - This builds the compiler. The output is in built/local in the public directory \r\n    - jake clean - deletes the build compiler \r\n    - jake LKG - This replaces the LKG (last known good) version of the compiler with the built one.\r\n        - This is a bootstrapping step to be executed whenever the built compiler reaches a stable state.\r\n    - jake tests - This builds the test infrastructure, using the built compiler. \r\n    - jake runtests - This runs the tests, using the built compiler and built test infrastructure. \r\n        - You can also override the host or specify a test for this command. Use host=<hostName> or tests=<testPath>. \r\n    - jake baseline-accept - This replaces the baseline test results with the results obtained from jake runtests. \r\n    - jake -T lists the above commands. \r\n',
35 silly resolved     readmeFilename: 'README.txt',
35 silly resolved     _id: 'typescript@1.0.0',
35 silly resolved     _from: 'typescript@' } ]
36 info install typescript@1.0.0 into /usr/local/lib
37 info installOne typescript@1.0.0
38 info /usr/local/lib/node_modules/typescript unbuild
39 verbose tar unpack /Users/staceydao/.npm/typescript/1.0.0/package.tgz
40 silly lockFile 2d878377-ocal-lib-node-modules-typescript tar:///usr/local/lib/node_modules/typescript
41 verbose lock tar:///usr/local/lib/node_modules/typescript /Users/staceydao/.npm/2d878377-ocal-lib-node-modules-typescript.lock
42 silly lockFile f09b3135-npm-typescript-1-0-0-package-tgz tar:///Users/staceydao/.npm/typescript/1.0.0/package.tgz
43 verbose lock tar:///Users/staceydao/.npm/typescript/1.0.0/package.tgz /Users/staceydao/.npm/f09b3135-npm-typescript-1-0-0-package-tgz.lock
44 silly gunzTarPerm modes [ '755', '644' ]
45 error Error: EACCES, mkdir '/usr/local/lib/node_modules/typescript'
45 error  { [Error: EACCES, mkdir '/usr/local/lib/node_modules/typescript']
45 error   errno: 3,
45 error   code: 'EACCES',
45 error   path: '/usr/local/lib/node_modules/typescript',
45 error   fstream_type: 'Directory',
45 error   fstream_path: '/usr/local/lib/node_modules/typescript',
45 error   fstream_class: 'DirWriter',
45 error   fstream_stack:
45 error    [ '/usr/local/lib/node_modules/npm/node_modules/fstream/lib/dir-writer.js:36:23',
45 error      '/usr/local/lib/node_modules/npm/node_modules/mkdirp/index.js:37:53',
45 error      'Object.oncomplete (fs.js:107:15)' ] }
46 error Please try running this command again as root/Administrator.
47 error System Darwin 13.1.0
48 error command "node" "/usr/local/bin/npm" "install" "-g" "typescript"
49 error cwd /Users/staceydao/Workspace/LudumDare/Lobe
50 error node -v v0.10.25
51 error npm -v 1.3.24
52 error path /usr/local/lib/node_modules/typescript
53 error fstream_path /usr/local/lib/node_modules/typescript
54 error fstream_type Directory
55 error fstream_class DirWriter
56 error code EACCES
57 error errno 3
58 error stack Error: EACCES, mkdir '/usr/local/lib/node_modules/typescript'
59 error fstream_stack /usr/local/lib/node_modules/npm/node_modules/fstream/lib/dir-writer.js:36:23
59 error fstream_stack /usr/local/lib/node_modules/npm/node_modules/mkdirp/index.js:37:53
59 error fstream_stack Object.oncomplete (fs.js:107:15)
60 verbose exit [ 3, true ]
